Finished ProcessDataSequential at 2026-04-18 09:18:15Z
Finished ProcessDataWithThreadPool at 2026-04-18 09:18:16Z
Finished ProcessDataAsync at 2026-04-18 09:18:16Z
Finished APM at 2026-04-18 09:18:16Z
Finished processing at 2026-04-18 09:18:16Z. AllEqual=True
Finished APM callback at 2026-04-18 09:18:16Z
Finished ProcessDataSequential at 2026-04-18 09:21:45Z
Finished ProcessDataWithThreadPool at 2026-04-18 09:21:45Z
Finished ProcessDataAsync at 2026-04-18 09:21:45Z
Finished APM at 2026-04-18 09:21:45Z
Finished processing at 2026-04-18 09:21:46Z. AllEqual=True
Finished APM callback at 2026-04-18 09:21:46Z
Finished ProcessDataSequential at 2026-04-18 09:26:54Z
Finished ProcessDataWithThreadPool at 2026-04-18 09:26:54Z
Finished ProcessDataAsync at 2026-04-18 09:26:54Z
Finished APM at 2026-04-18 09:26:54Z
Finished processing at 2026-04-18 09:26:54Z. AllEqual=True
Finished APM callback at 2026-04-18 09:26:54Z
Finished ProcessDataSequential at 2026-04-18 09:32:55Z
Finished ProcessDataWithThreadPool at 2026-04-18 09:32:55Z
Finished ProcessDataAsync at 2026-04-18 09:32:55Z
Finished APM at 2026-04-18 09:32:55Z
Finished processing at 2026-04-18 09:32:56Z. AllEqual=True
Finished APM callback at 2026-04-18 09:32:56Z
